[    0.000000] Initializing cgroup subsys cpuset
[    0.000000] Initializing cgroup subsys cpu
[    0.000000] Initializing cgroup subsys cpuacct
[    0.000000] Linux version 4.4.0-210-generic (buildd@lgw01-amd64-009) (gcc version 5.4.0 20160609 (Ubuntu 5.4.0-6ubuntu1~16.04.12) ) #242-Ubuntu SMP Fri Apr 16 09:57:56 UTC 2021 (Ubuntu 4.4.0-210.242-generic 4.4.262)
[    0.000000] Command line: BOOT_IMAGE=/boot/vmlinuz-4.4.0-210-generic root=LABEL=cloudimg-rootfs ro console=tty1 console=ttyS0
[    0.000000] KERNEL supported cpus:
[    0.000000]   Intel GenuineIntel
[    0.000000]   AMD AuthenticAMD
[    0.000000]   Centaur CentaurHauls
[    0.000000] x86/fpu: xstate_offset[2]:  576, xstate_sizes[2]:  256
[    0.000000] x86/fpu: Supporting XSAVE feature 0x01: 'x87 floating point registers'
[    0.000000] x86/fpu: Supporting XSAVE feature 0x02: 'SSE registers'
[    0.000000] x86/fpu: Supporting XSAVE feature 0x04: 'AVX registers'
[    0.000000] x86/fpu: Enabled xstate features 0x7, context size is 832 bytes, using 'standard' format.
[    0.000000] e820: BIOS-provided physical RAM map:
[    0.000000] BIOS-e820: [mem 0x0000000000000000-0x000000000009fbff] usable
[    0.000000] BIOS-e820: [mem 0x000000000009fc00-0x000000000009ffff] reserved
[    0.000000] BIOS-e820: [mem 0x00000000000f0000-0x00000000000fffff] reserved
[    0.000000] BIOS-e820: [mem 0x0000000000100000-0x000000003ffeffff] usable
[    0.000000] BIOS-e820: [mem 0x000000003fff0000-0x000000003fffffff] ACPI data
[    0.000000] BIOS-e820: [mem 0x00000000fec00000-0x00000000fec00fff] reserved
[    0.000000] BIOS-e820: [mem 0x00000000fee00000-0x00000000fee00fff] reserved
[    0.000000] BIOS-e820: [mem 0x00000000fffc0000-0x00000000ffffffff] reserved
[    0.000000] NX (Execute Disable) protection: active
[    0.000000] SMBIOS 2.5 present.
[    0.000000] Hypervisor detected: KVM
[    0.000000] e820: last_pfn = 0x3fff0 max_arch_pfn = 0x400000000
[    0.000000] MTRR: Disabled
[    0.000000] x86/PAT: MTRRs disabled, skipping PAT initialization too.
[    0.000000] CPU MTRRs all blank - virtualized system.
[    0.000000] x86/PAT: Configuration [0-7]: WB  WT  UC- UC  WB  WT  UC- UC  
[    0.000000] found SMP MP-table at [mem 0x0009fff0-0x0009ffff] mapped at [ffff88000009fff0]
[    0.000000] Scanning 1 areas for low memory corruption
[    0.000000] RAMDISK: [mem 0x362dc000-0x37165fff]
[    0.000000] ACPI: Early table checksum verification disabled
[    0.000000] ACPI: RSDP 0x00000000000E0000 000024 (v02 VBOX  )
[    0.000000] ACPI: XSDT 0x000000003FFF0030 00003C (v01 VBOX   VBOXXSDT 00000001 ASL  00000061)
[    0.000000] ACPI: FACP 0x000000003FFF00F0 0000F4 (v04 VBOX   VBOXFACP 00000001 ASL  00000061)
[    0.000000] ACPI: DSDT 0x000000003FFF0470 002325 (v02 VBOX   VBOXBIOS 00000002 INTL 20120111)
[    0.000000] ACPI: FACS 0x000000003FFF0200 000040
[    0.000000] ACPI: FACS 0x000000003FFF0200 000040
[    0.000000] ACPI: APIC 0x000000003FFF0240 00005C (v02 VBOX   VBOXAPIC 00000001 ASL  00000061)
[    0.000000] ACPI: SSDT 0x000000003FFF02A0 0001CC (v01 VBOX   VBOXCPUT 00000002 INTL 20120111)
[    0.000000] No NUMA configuration found
[    0.000000] Faking a node at [mem 0x0000000000000000-0x000000003ffeffff]
[    0.000000] NODE_DATA(0) allocated [mem 0x3ffeb000-0x3ffeffff]
[    0.000000] kvm-clock: Using msrs 4b564d01 and 4b564d00
[    0.000000] kvm-clock: cpu 0, msr 0:3ffe3001, primary cpu clock
[    0.000000] kvm-clock: using sched offset of 3819337892 cycles
[    0.000000] clocksource: kvm-clock: mask: 0xffffffffffffffff max_cycles: 0x1cd42e4dffb, max_idle_ns: 881590591483 ns
[    0.000000] Zone ranges:
[    0.000000]   DMA      [mem 0x0000000000001000-0x0000000000ffffff]
[    0.000000]   DMA32    [mem 0x0000000001000000-0x000000003ffeffff]
[    0.000000]   Normal   empty
[    0.000000]   Device   empty
[    0.000000] Movable zone start for each node
[    0.000000] Early memory node ranges
[    0.000000]   node   0: [mem 0x0000000000001000-0x000000000009efff]
[    0.000000]   node   0: [mem 0x0000000000100000-0x000000003ffeffff]
[    0.000000] Initmem setup node 0 [mem 0x0000000000001000-0x000000003ffeffff]
[    0.000000] ACPI: PM-Timer IO Port: 0x4008
[    0.000000] IOAPIC[0]: apic_id 2, version 32, address 0xfec00000, GSI 0-23
[    0.000000] ACPI: INT_SRC_OVR (bus 0 bus_irq 0 global_irq 2 dfl dfl)
[    0.000000] ACPI: INT_SRC_OVR (bus 0 bus_irq 9 global_irq 9 low level)
[    0.000000] Using ACPI (MADT) for SMP configuration information
[    0.000000] smpboot: Allowing 2 CPUs, 0 hotplug CPUs
[    0.000000] PM: Registered nosave memory: [mem 0x00000000-0x00000fff]
[    0.000000] PM: Registered nosave memory: [mem 0x0009f000-0x0009ffff]
[    0.000000] PM: Registered nosave memory: [mem 0x000a0000-0x000effff]
[    0.000000] PM: Registered nosave memory: [mem 0x000f0000-0x000fffff]
[    0.000000] e820: [mem 0x40000000-0xfebfffff] available for PCI devices
[    0.000000] Booting paravirtualized kernel on KVM
[    0.000000] clocksource: refined-jiffies: mask: 0xffffffff max_cycles: 0xffffffff, max_idle_ns: 7645519600211568 ns
[    0.000000] setup_percpu: NR_CPUS:512 nr_cpumask_bits:512 nr_cpu_ids:2 nr_node_ids:1
[    0.000000] PERCPU: Embedded 33 pages/cpu @ffff88003fc00000 s95192 r8192 d31784 u1048576
[    0.000000] Built 1 zonelists in Node order, mobility grouping on.  Total pages: 257912
[    0.000000] Policy zone: DMA32
[    0.000000] Kernel command line: BOOT_IMAGE=/boot/vmlinuz-4.4.0-210-generic root=LABEL=cloudimg-rootfs ro console=tty1 console=ttyS0
[    0.000000] PID hash table entries: 4096 (order: 3, 32768 bytes)
[    0.000000] Memory: 997792K/1048120K available (8644K kernel code, 1332K rwdata, 4044K rodata, 1492K init, 1164K bss, 50328K reserved, 0K cma-reserved)
[    0.000000] SLUB: HWalign=64, Order=0-3, MinObjects=0, CPUs=2, Nodes=1
[    0.000000] Kernel/User page tables isolation: enabled
[    0.000000] Hierarchical RCU implementation.
[    0.000000] 	Build-time adjustment of leaf fanout to 64.
[    0.000000] 	RCU restricting CPUs from NR_CPUS=512 to nr_cpu_ids=2.
[    0.000000] RCU: Adjusting geometry for rcu_fanout_leaf=64, nr_cpu_ids=2
[    0.000000] NR_IRQS:33024 nr_irqs:440 16
[    0.000000] Console: colour VGA+ 80x25
[    0.000000] console [tty1] enabled
[    0.000000] console [ttyS0] enabled
[    0.000000] tsc: Detected 2399.998 MHz processor
[    0.136038] Calibrating delay loop (skipped) preset value.. 4799.99 BogoMIPS (lpj=9599992)
[    0.139609] pid_max: default: 32768 minimum: 301
[    0.140524] ACPI: Core revision 20150930
[    0.142168] ACPI: 2 ACPI AML tables successfully acquired and loaded
[    0.144449] Security Framework initialized
[    0.145369] Yama: becoming mindful.
[    0.146174] AppArmor: AppArmor initialized
[    0.147723] Dentry cache hash table entries: 131072 (order: 8, 1048576 bytes)
[    0.150990] Inode-cache hash table entries: 65536 (order: 7, 524288 bytes)
[    0.152666] Mount-cache hash table entries: 2048 (order: 2, 16384 bytes)
[    0.154046] Mountpoint-cache hash table entries: 2048 (order: 2, 16384 bytes)
[    0.156152] Initializing cgroup subsys io
[    0.157270] Initializing cgroup subsys memory
[    0.159128] Initializing cgroup subsys devices
[    0.160140] Initializing cgroup subsys freezer
[    0.161434] Initializing cgroup subsys net_cls
[    0.162781] Initializing cgroup subsys perf_event
[    0.163672] Initializing cgroup subsys net_prio
[    0.164530] Initializing cgroup subsys hugetlb
[    0.165371] Initializing cgroup subsys pids
[    0.167199] mce: CPU supports 0 MCE banks
[    0.168003] Last level iTLB entries: 4KB 64, 2MB 8, 4MB 8
[    0.169123] Last level dTLB entries: 4KB 64, 2MB 0, 4MB 0, 1GB 4
[    0.170725] Spectre V1 : Mitigation: usercopy/swapgs barriers and __user pointer sanitization
[    0.172878] Spectre V2 : Mitigation: Full generic retpoline
[    0.173908] Spectre V2 : Spectre v2 / SpectreRSB mitigation: Filling RSB on context switch
[    0.175593] Speculative Store Bypass: Vulnerable
[    0.176415] SRBDS: Unknown: Dependent on hypervisor status
[    0.177420] MDS: Mitigation: Clear CPU buffers
[    0.180174] Freeing SMP alternatives memory: 36K
[    0.185471] ftrace: allocating 32380 entries in 127 pages
[    0.233020] smpboot: APIC(0) Converting physical 0 to logical package 0
[    0.234614] smpboot: Max logical packages: 1
[    0.236093] x2apic enabled
[    0.237499] Switched APIC routing to physical x2apic.
[    0.239513] ..TIMER: vector=0x30 apic1=0 pin1=2 apic2=-1 pin2=-1
[    0.348697] smpboot: CPU0: Intel(R) Core(TM) i9-9980HK CPU @ 2.40GHz (family: 0x6, model: 0x9e, stepping: 0xd)
[    0.351730] Performance Events: unsupported p6 CPU model 158 no PMU driver, software events only.
[    0.361713] KVM setup paravirtual spinlock
[    0.364144] x86: Booting SMP configuration:
[    0.365423] .... node  #0, CPUs:      #1
[    0.366850] kvm-clock: cpu 1, msr 0:3ffe3041, secondary cpu clock
[    0.368755] mce: CPU supports 0 MCE banks
[    0.371970] x86: Booted up 1 node, 2 CPUs
[    0.373023] smpboot: Total of 2 processors activated (9599.99 BogoMIPS)
[    0.374765] devtmpfs: initialized
[    0.377224] evm: security.selinux
[    0.378019] evm: security.SMACK64
[    0.378692] evm: security.SMACK64EXEC
[    0.379594] evm: security.SMACK64TRANSMUTE
[    0.380819] evm: security.SMACK64MMAP
[    0.381549] evm: security.ima
[    0.382171] evm: security.capability
[    0.383067] clocksource: jiffies: mask: 0xffffffff max_cycles: 0xffffffff, max_idle_ns: 7645041785100000 ns
[    0.385333] futex hash table entries: 512 (order: 3, 32768 bytes)
[    0.387308] pinctrl core: initialized pinctrl subsystem
[    0.388529] RTC time: 18:42:33, date: 06/02/22
[    0.389751] NET: Registered protocol family 16
[    0.401196] cpuidle: using governor ladder
[    0.413625] cpuidle: using governor menu
[    0.415540] PCCT header not found.
[    0.417149] ACPI: bus type PCI registered
[    0.418336] acpiphp: ACPI Hot Plug PCI Controller Driver version: 0.5
[    0.420015] PCI: Using configuration type 1 for base access
[    0.433767] ACPI: Added _OSI(Module Device)
[    0.435213] ACPI: Added _OSI(Processor Device)
[    0.436391] ACPI: Added _OSI(3.0 _SCP Extensions)
[    0.437509] ACPI: Added _OSI(Processor Aggregator Device)
[    0.439442] ACPI: Executed 1 blocks of module-level executable AML code
[    0.443154] ACPI: Interpreter enabled
[    0.444071] ACPI: (supports S0 S5)
[    0.444909] ACPI: Using IOAPIC for interrupt routing
[    0.446086] PCI: Using host bridge windows from ACPI; if necessary, use "pci=nocrs" and report a bug
[    0.451555] ACPI: PCI Root Bridge [PCI0] (domain 0000 [bus 00-ff])
[    0.453028] acpi PNP0A03:00: _OSC: OS supports [ASPM ClockPM Segments MSI]
[    0.454767] acpi PNP0A03:00: _OSC: not requesting OS control; OS requires [ExtendedConfig ASPM ClockPM MSI]
[    0.456604] acpi PNP0A03:00: fail to add MMCONFIG information, can't access extended PCI configuration space under this bridge.
[    0.459840] PCI host bridge to bus 0000:00
[    0.461487] pci_bus 0000:00: root bus resource [io  0x0000-0x0cf7 window]
[    0.463349] pci_bus 0000:00: root bus resource [io  0x0d00-0xffff window]
[    0.464675] pci_bus 0000:00: root bus resource [mem 0x000a0000-0x000bffff window]
[    0.466491] pci_bus 0000:00: root bus resource [mem 0x40000000-0xfdffffff window]
[    0.467941] pci_bus 0000:00: root bus resource [bus 00-ff]
[    0.471789] pci 0000:00:01.1: legacy IDE quirk: reg 0x10: [io  0x01f0-0x01f7]
[    0.473249] pci 0000:00:01.1: legacy IDE quirk: reg 0x14: [io  0x03f6]
[    0.474436] pci 0000:00:01.1: legacy IDE quirk: reg 0x18: [io  0x0170-0x0177]
[    0.482447] pci 0000:00:01.1: legacy IDE quirk: reg 0x1c: [io  0x0376]
[    0.494377] pci 0000:00:07.0: quirk: [io  0x4000-0x403f] claimed by PIIX4 ACPI
[    0.496200] pci 0000:00:07.0: quirk: [io  0x4100-0x410f] claimed by PIIX4 SMB
[    0.503642] ACPI: PCI Interrupt Link [LNKA] (IRQs 5 9 10 *11)
[    0.506013] ACPI: PCI Interrupt Link [LNKB] (IRQs 5 9 *10 11)
[    0.508140] ACPI: PCI Interrupt Link [LNKC] (IRQs 5 *9 10 11)
[    0.509570] ACPI: PCI Interrupt Link [LNKD] (IRQs 5 9 10 *11)
[    0.510982] ACPI: Enabled 2 GPEs in block 00 to 07
[    0.512438] vgaarb: setting as boot device: PCI:0000:00:02.0
[    0.513929] vgaarb: device added: PCI:0000:00:02.0,decodes=io+mem,owns=io+mem,locks=none
[    0.515449] vgaarb: loaded
[    0.516499] vgaarb: bridge control possible 0000:00:02.0
[    0.517724] SCSI subsystem initialized
[    0.518830] ACPI: bus type USB registered
[    0.519982] usbcore: registered new interface driver usbfs
[    0.521140] usbcore: registered new interface driver hub
[    0.522878] usbcore: registered new device driver usb
[    0.525090] PCI: Using ACPI for IRQ routing
[    0.526921] NetLabel: Initializing
[    0.527896] NetLabel:  domain hash size = 128
[    0.528747] NetLabel:  protocols = UNLABELED CIPSOv4
[    0.531033] NetLabel:  unlabeled traffic allowed by default
[    0.533114] amd_nb: Cannot enumerate AMD northbridges
[    0.534417] clocksource: Switched to clocksource kvm-clock
[    0.543610] AppArmor: AppArmor Filesystem Enabled
[    0.545343] pnp: PnP ACPI init
[    0.547241] pnp: PnP ACPI: found 3 devices
[    0.558378] clocksource: acpi_pm: mask: 0xffffff max_cycles: 0xffffff, max_idle_ns: 2085701024 ns
[    0.560632] NET: Registered protocol family 2
[    0.561627] TCP established hash table entries: 8192 (order: 4, 65536 bytes)
[    0.563312] TCP bind hash table entries: 8192 (order: 5, 131072 bytes)
[    0.565093] TCP: Hash tables configured (established 8192 bind 8192)
[    0.566312] UDP hash table entries: 512 (order: 2, 16384 bytes)
[    0.567958] UDP-Lite hash table entries: 512 (order: 2, 16384 bytes)
[    0.570188] NET: Registered protocol family 1
[    0.571404] pci 0000:00:00.0: Limiting direct PCI/PCI transfers
[    0.572808] pci 0000:00:01.0: Activating ISA DMA hang workarounds
[    0.574495] Unpacking initramfs...
[    0.757800] Freeing initrd memory: 14888K
[    0.758864] clocksource: tsc: mask: 0xffffffffffffffff max_cycles: 0x229835b7123, max_idle_ns: 440795242976 ns
[    0.761584] platform rtc_cmos: registered platform RTC device (no PNP device found)
[    0.763150] Scanning for low memory corruption every 60 seconds
[    0.764553] audit: initializing netlink subsys (disabled)
[    0.765590] audit: type=2000 audit(1654195358.617:1): initialized
[    0.766928] Initialise system trusted keyring
[    0.767864] HugeTLB registered 2 MB page size, pre-allocated 0 pages
[    0.769873] zbud: loaded
[    0.770705] VFS: Disk quotas dquot_6.6.0
[    0.771496] VFS: Dquot-cache hash table entries: 512 (order 0, 4096 bytes)
[    0.772912] squashfs: version 4.0 (2009/01/31) Phillip Lougher
[    0.774133] fuse init (API version 7.23)
[    0.775026] Key type big_key registered
[    0.775804] Allocating IMA MOK and blacklist keyrings.
[    0.777135] Key type asymmetric registered
[    0.777937] Asymmetric key parser 'x509' registered
[    0.779049] Block layer SCSI generic (bsg) driver version 0.4 loaded (major 249)
[    0.781214] io scheduler noop registered
[    0.781985] io scheduler deadline registered (default)
[    0.783219] io scheduler cfq registered
[    0.784079] pci_hotplug: PCI Hot Plug PCI Core version: 0.5
[    0.785101] pciehp: PCI Express Hot Plug Controller Driver version: 0.4
[    0.786695] ACPI: AC Adapter [AC] (on-line)
[    0.787943] input: Power Button as /devices/LNXSYSTM:00/LNXPWRBN:00/input/input0
[    0.789386] ACPI: Power Button [PWRF]
[    0.790179] input: Sleep Button as /devices/LNXSYSTM:00/LNXSLPBN:00/input/input1
[    0.792249] ACPI: Sleep Button [SLPF]
[    0.794484] GHES: HEST is not enabled!
[    0.794510] ACPI: Battery Slot [BAT0] (battery present)
[    0.796764] Serial: 8250/16550 driver, 32 ports, IRQ sharing enabled
[    0.818659] 00:02: ttyS0 at I/O 0x3f8 (irq = 4, base_baud = 115200) is a 16550A
[    0.822672] Linux agpgart interface v0.103
[    0.825034] loop: module loaded
[    0.826679] scsi host0: ata_piix
[    0.827729] scsi host1: ata_piix
[    0.828412] ata1: PATA max UDMA/33 cmd 0x1f0 ctl 0x3f6 bmdma 0xd000 irq 14
[    0.829943] ata2: PATA max UDMA/33 cmd 0x170 ctl 0x376 bmdma 0xd008 irq 15
[    0.831538] libphy: Fixed MDIO Bus: probed
[    0.832346] tun: Universal TUN/TAP device driver, 1.6
[    0.833315] tun: (C) 1999-2004 Max Krasnyansky <maxk@qualcomm.com>
[    0.835268] PPP generic driver version 2.4.2
[    0.836295] ehci_hcd: USB 2.0 'Enhanced' Host Controller (EHCI) Driver
[    0.837914] ehci-pci: EHCI PCI platform driver
[    0.838934] ehci-platform: EHCI generic platform driver
[    0.840016] ohci_hcd: USB 1.1 'Open' Host Controller (OHCI) Driver
[    0.841261] ohci-pci: OHCI PCI platform driver
[    0.842096] ohci-platform: OHCI generic platform driver
[    0.843691] uhci_hcd: USB Universal Host Controller Interface driver
[    0.844868] i8042: PNP: PS/2 Controller [PNP0303:PS2K,PNP0f03:PS2M] at 0x60,0x64 irq 1,12
[    0.846768] serio: i8042 KBD port at 0x60,0x64 irq 1
[    0.847719] serio: i8042 AUX port at 0x60,0x64 irq 12
[    0.848848] mousedev: PS/2 mouse device common for all mice
[    0.850278] input: AT Translated Set 2 keyboard as /devices/platform/i8042/serio0/input/input2
[    0.853027] rtc_cmos rtc_cmos: rtc core: registered rtc_cmos as rtc0
[    0.854483] rtc_cmos rtc_cmos: alarms up to one day, 114 bytes nvram
[    0.855612] i2c /dev entries driver
[    0.856340] device-mapper: uevent: version 1.0.3
[    0.857265] device-mapper: ioctl: 4.34.0-ioctl (2015-10-28) initialised: dm-devel@redhat.com
[    0.858884] ledtrig-cpu: registered to indicate activity on CPUs
[    0.860187] NET: Registered protocol family 10
[    0.861136] NET: Registered protocol family 17
[    0.861985] Key type dns_resolver registered
[    0.864112] registered taskstats version 1
[    0.865172] Loading compiled-in X.509 certificates
[    0.866429] Loaded X.509 cert 'Build time autogenerated kernel key: cf00e047681d67edb2720680708b7d9498083038'
[    0.868382] zswap: loaded using pool lzo/zbud
[    0.871739] Key type trusted registered
[    0.874303] Key type encrypted registered
[    0.875139] AppArmor: AppArmor sha1 policy hashing enabled
[    0.876137] ima: No TPM chip found, activating TPM-bypass!
[    0.877143] ima: Allocated hash algorithm: sha1
[    0.878004] evm: HMAC attrs: 0x1
[    0.879209]   Magic number: 10:742:745
[    0.880199] rtc_cmos rtc_cmos: setting system clock to 2022-06-02 18:42:33 UTC (1654195353)
[    0.881812] BIOS EDD facility v0.16 2004-Jun-25, 0 devices found
[    0.882916] EDD information not available.
[    1.011339] Freeing unused kernel memory: 1492K
[    1.012909] Write protecting the kernel read-only data: 14336k
[    1.014672] Freeing unused kernel memory: 1584K
[    1.015923] Freeing unused kernel memory: 52K
Loading, please wait...
starting version 229
[    1.029166] random: systemd-udevd: uninitialized urandom read (16 bytes read, 3 bits of entropy available)
[    1.029586] random: udevadm: uninitialized urandom read (16 bytes read, 3 bits of entropy available)
[    1.029602] random: udevadm: uninitialized urandom read (16 bytes read, 3 bits of entropy available)
[    1.035970] random: udevadm: uninitialized urandom read (16 bytes read, 3 bits of entropy available)
[    1.036006] random: udevadm: uninitialized urandom read (16 bytes read, 3 bits of entropy available)
[    1.036114] random: udevadm: uninitialized urandom read (16 bytes read, 3 bits of entropy available)
[    1.036156] random: udevadm: uninitialized urandom read (16 bytes read, 3 bits of entropy available)
[    1.036196] random: udevadm: uninitialized urandom read (16 bytes read, 3 bits of entropy available)
[    1.036235] random: udevadm: uninitialized urandom read (16 bytes read, 3 bits of entropy available)
[    1.036274] random: udevadm: uninitialized urandom read (16 bytes read, 3 bits of entropy available)
[    1.078405] Fusion MPT base driver 3.04.20
[    1.080129] Copyright (c) 1999-2008 LSI Corporation
[    1.094006] AVX2 version of gcm_enc/dec engaged.
[    1.095492] AES CTR mode by8 optimization enabled
[    1.097553] e1000: Intel(R) PRO/1000 Network Driver - version 7.3.21-k8-NAPI
[    1.098803] e1000: Copyright (c) 1999-2006 Intel Corporation.
[    1.105849] Fusion MPT SPI Host driver 3.04.20
[    1.302490] input: ImExPS/2 Generic Explorer Mouse as /devices/platform/i8042/serio1/input/input4
[    1.780992] e1000 0000:00:03.0 eth0: (PCI:33MHz:32-bit) 02:be:82:6b:cc:1d
[    1.783490] e1000 0000:00:03.0 eth0: Intel(R) PRO/1000 Network Connection
[    2.753087] e1000 0000:00:08.0 eth1: (PCI:33MHz:32-bit) 08:00:27:e0:ff:37
[    2.754608] e1000 0000:00:08.0 eth1: Intel(R) PRO/1000 Network Connection
[    2.756862] mptbase: ioc0: Initiating bringup
[    2.757258] e1000 0000:00:08.0 enp0s8: renamed from eth1
[    2.775240] e1000 0000:00:03.0 enp0s3: renamed from eth0
[    2.827165] ioc0: LSI53C1030 A0: Capabilities={Initiator}
[    2.990373] scsi host2: ioc0: LSI53C1030 A0, FwRev=00000000h, Ports=1, MaxQ=256, IRQ=20
[    3.107800] scsi 2:0:0:0: Direct-Access     VBOX     HARDDISK         1.0  PQ: 0 ANSI: 5
[    3.111115] scsi target2:0:0: Beginning Domain Validation
[    3.114125] scsi target2:0:0: Domain Validation skipping write tests
[    3.115949] scsi target2:0:0: Ending Domain Validation
[    3.117480] scsi target2:0:0: asynchronous
[    3.119820] scsi 2:0:1:0: Direct-Access     VBOX     HARDDISK         1.0  PQ: 0 ANSI: 5
[    3.132213] scsi target2:0:1: Beginning Domain Validation
[    3.135113] scsi target2:0:1: Domain Validation skipping write tests
[    3.136588] scsi target2:0:1: Ending Domain Validation
[    3.137787] scsi target2:0:1: asynchronous
[    3.143182] sd 2:0:0:0: [sda] 83886080 512-byte logical blocks: (42.9 GB/40.0 GiB)
[    3.143323] sd 2:0:0:0: Attached scsi generic sg0 type 0
[    3.146850] sd 2:0:1:0: [sdb] 20480 512-byte logical blocks: (10.5 MB/10.0 MiB)
[    3.147053] sd 2:0:1:0: Attached scsi generic sg1 type 0
[    3.149894] sd 2:0:0:0: [sda] Write Protect is off
[    3.151468] sd 2:0:1:0: [sdb] Write Protect is off
[    3.152972] sd 2:0:0:0: [sda] Incomplete mode parameter data
[    3.154278] sd 2:0:0:0: [sda] Assuming drive cache: write through
[    3.154500] sd 2:0:1:0: [sdb] Incomplete mode parameter data
[    3.154501] sd 2:0:1:0: [sdb] Assuming drive cache: write through
[    3.159718]  sda: sda1
[    3.160253] sd 2:0:1:0: [sdb] Attached SCSI disk
[    3.162130] sd 2:0:0:0: [sda] Attached SCSI disk
Begin: Loading essential drivers ... [    4.411728] md: linear personality registered for level -1
[    4.414582] md: multipath personality registered for level -4
[    4.418946] md: raid0 personality registered for level 0
[    4.422322] md: raid1 personality registered for level 1
[    4.491602] raid6: sse2x1   gen() 13239 MB/s
[    4.560761] raid6: sse2x1   xor()  8827 MB/s
[    4.626512] raid6: sse2x2   gen() 17612 MB/s
[    4.694494] raid6: sse2x2   xor() 11975 MB/s
[    4.762574] raid6: sse2x4   gen() 19695 MB/s
[    4.830492] raid6: sse2x4   xor() 11793 MB/s
[    4.899192] raid6: avx2x1   gen() 23057 MB/s
[    4.970530] raid6: avx2x2   gen() 28315 MB/s
[    5.041188] raid6: avx2x4   gen() 37942 MB/s
[    5.042468] raid6: using algorithm avx2x4 gen() 37942 MB/s
[    5.043660] raid6: using avx2x2 recovery algorithm
[    5.045900] xor: automatically using best checksumming function:
[    5.086498]    avx       : 28682.000 MB/sec
[    5.088462] async_tx: api initialized (async)
[    5.094861] md: raid6 personality registered for level 6
[    5.096364] md: raid5 personality registered for level 5
[    5.097748] md: raid4 personality registered for level 4
[    5.102702] md: raid10 personality registered for level 10
done.
Begin: Running /scripts/init-premount ... done.
Begin: Mounting root file system ... Begin: Running /scripts/local-top ... done.
Begin: Running /scripts/local-premount ... [    5.123506] Btrfs loaded
Scanning for Btrfs filesystems
done.
Warning: fsck not present, so skipping root file system
[    5.140228] EXT4-fs (sda1): mounted filesystem with ordered data mode. Opts: (null)
done.
Begin: Running /scripts/local-bottom ... done.
Begin: Running /scripts/init-bottom ... done.
[    5.183786] systemd[1]: systemd 229 running in system mode. (+PAM +AUDIT +SELINUX +IMA +APPARMOR +SMACK +SYSVINIT +UTMP +LIBCRYPTSETUP +GCRYPT +GNUTLS +ACL +XZ -LZ4 +SECCOMP +BLKID +ELFUTILS +KMOD -IDN)
[    5.187181] systemd[1]: Detected virtualization oracle.
[    5.188219] systemd[1]: Detected architecture x86-64.

Welcome to [1mUbuntu 16.04.7 LTS[0m!

[    5.190787] systemd[1]: Set hostname to <ubuntu>.
[    5.192862] systemd[1]: Initializing machine ID from random generator.
[    5.194167] systemd[1]: Installed transient /etc/machine-id file.
[    5.266643] systemd[1]: Listening on udev Kernel Socket.
[[0;32m  OK  [0m] Listening on udev Kernel Socket.
[    5.268693] systemd[1]: Reached target Swap.
[[0;32m  OK  [0m] Reached target Swap.
[    5.271127] systemd[1]: Listening on LVM2 metadata daemon socket.
[[0;32m  OK  [0m] Listening on LVM2 metadata daemon socket.
[    5.273422] systemd[1]: Set up automount Arbitrary Executable File Formats File System Automount Point.
[[0;32m  OK  [0m] Set up automount Arbitrary Executab...ats File System Automount Point.
[    5.276689] systemd[1]: Listening on Journal Audit Socket.
[[0;32m  OK  [0m] Listening on Journal Audit Socket.
[    5.278689] systemd[1]: Listening on /dev/initctl Compatibility Named Pipe.
[[0;32m  OK  [0m] Listening on /dev/initctl Compatibility Named Pipe.
[    5.286692] systemd[1]: Listening on udev Control Socket.
[[0;32m  OK  [0m] Listening on udev Control Socket.
[    5.289314] systemd[1]: Started Forward Password Requests to Wall Directory Watch.
[[0;32m  OK  [0m] Started Forward Password Requests to Wall Directory Watch.
[    5.299563] systemd[1]: Listening on fsck to fsckd communication Socket.
[[0;32m  OK  [0m] Listening on fsck to fsckd communication Socket.
[    5.311403] systemd[1]: Created slice System Slice.
[[0;32m  OK  [0m] Created slice System Slice.
[    5.314028] systemd[1]: Listening on Syslog Socket.
[[0;32m  OK  [0m] Listening on Syslog Socket.
[    5.316771] systemd[1]: Listening on LVM2 poll daemon socket.
[[0;32m  OK  [0m] Listening on LVM2 poll daemon socket.
[    5.319773] systemd[1]: Started Trigger resolvconf update for networkd DNS.
[[0;32m  OK  [0m] Started Trigger resolvconf update for networkd DNS.
[    5.322563] systemd[1]: Reached target Encrypted Volumes.
[[0;32m  OK  [0m] Reached target Encrypted Volumes.
[    5.325237] systemd[1]: Reached target User and Group Name Lookups.
[[0;32m  OK  [0m] Reached target User and Group Name Lookups.
[    5.328021] systemd[1]: Listening on Journal Socket (/dev/log).
[[0;32m  OK  [0m] Listening on Journal Socket (/dev/log).
[    5.331107] systemd[1]: Created slice system-serial\x2dgetty.slice.
[[0;32m  OK  [0m] Created slice system-serial\x2dgetty.slice.
[    5.334228] systemd[1]: Listening on Journal Socket.
[[0;32m  OK  [0m] Listening on Journal Socket.
[    5.347237] systemd[1]: Starting File System Check on Root Device...
         Starting File System Check on Root Device...
[    5.351170] systemd[1]: Starting Nameserver information manager...
         Starting Nameserver information manager...
[    5.354042] systemd[1]: Mounting Debug File System...
         Mounting Debug File System...
[    5.359938] systemd[1]: Mounting Huge Pages File System...
         Mounting Huge Pages File System...
[    5.363421] systemd[1]: Starting Set console keymap...
         Starting Set console keymap...
[    5.366035] systemd[1]: Starting Uncomplicated firewall...
         Starting Uncomplicated firewall...
[    5.374735] systemd[1]: Listening on Device-mapper event daemon FIFOs.
[[0;32m  OK  [0m] Listening on Device-mapper event daemon FIFOs.
[    5.378225] systemd[1]: Starting Monitoring of LVM2 mirrors, snapshots etc. using dmeventd or progress polling...
         Starting Monitoring of LVM2 mirrors... dmeventd or progress polling...
[    5.382318] systemd[1]: Reached target System Time Synchronized.
[[0;32m  OK  [0m] Reached target System Time Synchronized.
[    5.385720] systemd[1]: Starting Create list of required static device nodes for the current kernel...
         Starting Create list of required st... nodes for the current kernel...
[    5.391015] systemd[1]: Starting Load Kernel Modules...
         Starting Load Kernel Modules...
[    5.393548] systemd[1]: Starting Journal Service...
         Starting Journal Service...
[    5.399788] systemd[1]: Mounting POSIX Message Queue File System...
         Mounting POSIX Message Queue File System...
[    5.402584] systemd[1]: Created slice User and Session Slice.
[[0;32m  OK  [0m] Created slice User and Session Slice.
[    5.404823] systemd[1]: Reached target Slices.
[[0;32m  OK  [0m] Reached target Slices.
[    5.408674] Loading iSCSI transport class v2.0-870.
[    5.411232] systemd[1]: Mounted Huge Pages File System.
[[0;32m  OK  [0m] Mounted Huge Pages File System.
[    5.413351] systemd[1]: Mounted POSIX Message Queue File System.
[[0;32m  OK  [0m] Mounted POSIX Message Queue File System.
[    5.415881] systemd[1]: Mounted Debug File System.
[[0;32m  OK  [0m] Mounted Debug File System.
[    5.420213] iscsi: registered transport (tcp)
[    5.422768] systemd[1]: Started Journal Service.
[[0;32m  OK  [0m] Started Journal Service.
[[0;32m  OK  [0m] Started File System Check on Root Device.
[    5.436054] iscsi: registered transport (iser)
[[0;32m  OK  [0m] Started Set console keymap.
[[0;32m  OK  [0m] Started Uncomplicated firewall.
[[0;32m  OK  [0m] Started Create list of required sta...ce nodes for the current kernel.
[[0;32m  OK  [0m] Started Load Kernel Modules.
[[0;32m  OK  [0m] Started Nameserver information manager.
[[0;32m  OK  [0m] Started LVM2 metadata daemon.
[[0;32m  OK  [0m] Started File System Check Daemon to report status.
         Starting Apply Kernel Variables...
         Mounting FUSE Control File System...
         Starting Create Static Device Nodes in /dev...
         Starting Remount Root and Kernel File Systems...
[[0;32m  OK  [0m] Mounted FUSE Control File System.
[[0;32m  OK  [0m] Started Apply Kernel Variables.
[[0;32m  OK  [0m] Started Remount Root and Kernel File Systems.
[[0;32m  OK  [0m] Started Create Static Device Nodes in /dev.
         Starting udev Kernel Device Manager...
         Starting Load/Save Random Seed...
         Starting udev Coldplug all Devices...
         Starting Flush Journal to Persistent Storage...
[[0;32m  OK  [0m] Started Load/Save Random Seed.
[[0;32m  OK  [0m] Started Flush Journal to Persistent Storage.
[[0;32m  OK  [0m] Started udev Kernel Device Manager.
[[0;32m  OK  [0m] Started udev Coldplug all Devices.
[[0;32m  OK  [0m] Started Dispatch Password Requests to Console Directory Watch.
[[0;32m  OK  [0m] Found device /dev/ttyS0.
[[0;32m  OK  [0m] Listening on Load/Save RF Kill Switch Status /dev/rfkill Watch.
[[0;32m  OK  [0m] Started Monitoring of LVM2 mirrors,...ng dmeventd or progress polling.
[[0;32m  OK  [0m] Reached target Local File Systems (Pre).
[[0;32m  OK  [0m] Reached target Local File Systems.
         Starting LSB: AppArmor initialization...
         Starting Commit a transient machine-id on disk...
         Starting Create Volatile Files and Directories...
         Starting Initial cloud-init job (pre-networking)...
         Starting Tell Plymouth To Write Out Runtime Data...
         Starting Set console font and keymap...
[[0;32m  OK  [0m] Started Commit a transient machine-id on disk.
[[0;32m  OK  [0m] Started Create Volatile Files and Directories.
[[0;32m  OK  [0m] Started Tell Plymouth To Write Out Runtime Data.
         Starting Update UTMP about System Boot/Shutdown...
[[0;32m  OK  [0m] Started Update UTMP about System Boot/Shutdown.
[[0;32m  OK  [0m] Started Set console font and keymap.
[[0;32m  OK  [0m] Created slice system-getty.slice.
[    6.540647] cloud-init[631]: Cloud-init v. 21.1-19-gbad84ad4-0ubuntu1~16.04.2 running 'init-local' at Thu, 02 Jun 2022 18:42:39 +0000. Up 6.31 seconds.
[[0;32m  OK  [0m] Started LSB: AppArmor initialization.
         Starting Load AppArmor profiles managed internally by snapd...
[[0;32m  OK  [0m] Started Load AppArmor profiles managed internally by snapd.
[[0;32m  OK  [0m] Started Initial cloud-init job (pre-networking).
[[0;32m  OK  [0m] Reached target Network (Pre).
         Starting Raise network interfaces...
[[0;32m  OK  [0m] Started Raise network interfaces.
[[0;32m  OK  [0m] Reached target Network.
         Starting Initial cloud-init job (metadata service crawler)...
[    7.232110] cloud-init[963]: Cloud-init v. 21.1-19-gbad84ad4-0ubuntu1~16.04.2 running 'init' at Thu, 02 Jun 2022 18:42:39 +0000. Up 6.91 seconds.
[    7.240380] cloud-init[963]: ci-info: ++++++++++++++++++++++++++++++++++++++Net device info+++++++++++++++++++++++++++++++++++++++
[    7.242007] cloud-init[963]: ci-info: +--------+-------+----------------------------+---------------+--------+-------------------+
[    7.248263] cloud-init[963]: ci-info: | Device |   Up  |          Address           |      Mask     | Scope  |     Hw-Address    |
[    7.249364] cloud-init[963]: ci-info: +--------+-------+----------------------------+---------------+--------+-------------------+
[    7.260337] cloud-init[963]: ci-info: | enp0s3 |  True |         10.0.2.15          | 255.255.255.0 | global | 02:be:82:6b:cc:1d |
[    7.272844] cloud-init[963]: ci-info: | enp0s3 |  True | fe80::be:82ff:fe6b:cc1d/64 |       .       |  link  | 02:be:82:6b:cc:1d |
[[0;32m  OK  [0m] Started Initial cloud-init job (metadata service crawler).
[[0;32m  OK  [0m] Reached target Network is Online.
[    7.277727] cloud-init[963]: ci-info: | enp0s8 | False |             .              |       .       |   .    | 08:00:27:e0:ff:37 |
[    7.292650] cloud-init[963]: ci-info: |   lo   |  True |         127.0.0.1          |   255.0.0.0   |  host  |         .         |
[    7.294264] cloud-init[963]: ci-info: |   lo   |  True |          ::1/128           |       .       |  host  |         .         |
[    7.295953] cloud-init[963]: ci-info: +--------+-------+----------------------------+---------------+--------+-------------------+
[    7.298948]          Starting iSCSI initiator daemon (iscsid)...
[[0;32m  OK  [0m] Reached target Cloud-config availability.
[[0;32m  OK  [0m] Reached target System Initialization.
[[0;32m  OK  [0m] Listening on D-Bus System Message Bus Socket.
[[0;32m  OK  [0m] Started Daily apt download activities.
[[0;32m  OK  [0m] Started Message of the Day.
[[0;32m  OK  [0m] Started Daily Cleanup of Temporary Directories.
         Starting Socket activation for snappy daemon.
[[0;32m  OK  [0m] Started Ubuntu Advantage update messaging.
cloud-init[963]: ci-info: +++++++++++++++++++++++++++Route IPv4 info++++++++++++++++++++++++++++
[    7.307226] [[0;32m  OK  [0m] Listening on ACPID Listen Socket.
[[0;32m  OK  [0m] Listening on UUID daemon activation socket.
[[0;32m  OK  [0m] Started Daily apt upgrade and clean activities.
[[0;32m  OK  [0m] Reached target Timers.
cloud-init[963]: ci-info: +-------+-------------+----------+---------------+-----------+-------+
[    7.312410] cloud-init[963]: ci-info: | Route | Destination | Gateway  |    Genmask    | Interface | Flags |
         [    7.312761] Starting LXD - unix socket.cloud-init
[963]: ci-info: +-------+-------------+----------+---------------+-----------+-------+
[    7.316319] cloud-init[963]: ci-info: |   0   |   0.0.0.0   | 10.0.2.2 |    0.0.0.0    |   enp0s3  |   UG  |
[[0;32m  OK  [0m] Started ACPI Events Check.
[[0;32m  OK  [0m] Reached target Paths.
[    7.318194] cloud-init[963]: ci-info: |   1   |   10.0.2.0  | 0.0.0.0  | 255.255.255.0 |   enp0s3  |   U   |
[    7.322147] cloud-init[963]: ci-info: +-------+-------------+----------+---------------+-----------+-------+
[    7.324263] cloud-init[963]: ci-info: +++++++++++++++++++Route IPv6 info+++++++++++++++++++
[    7.325855] cloud-init[963]: ci-info: +-------+-------------+---------+-----------+-------+
[    7.327474] cloud-init[963]: ci-info: | Route | Destination | Gateway | Interface | Flags |
[    7.336652] cloud-init[963]: ci-info: +-------+-------------+---------+-----------+-------+
[[0;32m  OK  [0m] Listening on Socket activation for snappy daemon.
[[    7.347473] [0;32m  OK  [0mcloud-init] [963]: Listening on LXD - unix socket.ci-info: |   0   |  fe80::/64  |    ::   |   enp0s3  |   U   |

[[    7.349655] [0;32m  OK  [0mcloud-init] [963]: Started iSCSI initiator daemon (iscsid).ci-info: |   3   |   ff00::/8  |    ::   |   enp0s3  |   U   |

[    7.349709] cloud-init[963]: ci-info: +-------+-------------+---------+-----------+-------+
[    7.353330] cloud-init[963]: Generating public/private rsa key pair.
[    7.354670] cloud-init[963]: Your identification has been saved in /etc/ssh/ssh_host_rsa_key.
[    7.356651] cloud-init[963]: Your public key has been saved in /etc/ssh/ssh_host_rsa_key.pub.
[    7.358330] cloud-init[963]: The key fingerprint is:
[    7.359450] cloud-init[963]: SHA256:OShuwMRuNMtQq68YLJgmUL4rgniJZUJPRd0POknTSbM root@ubuntu-xenial
[    7.361181] cloud-init[963]: The key's randomart image is:
[    7.368906] cloud-init[963]: +---[RSA 2048]----+
[    7.369865] cloud-init[963]: |  . ... +o.      |
         Starting Login to default iSCSI targets...
[[0;32m  OK  [0m] Reached target Sockets.
[[0;32m  OK  [0m] Reached target Basic System.
[    7.377178] cloud-init[963]: | o . . + =o      |
[    7.380949] cloud-init[963]: |. B . . +Eo      |
[    7.388785] cloud-init[963]: | % +   = . .     |
[[0;32m  OK  [0m] Started ACPI event daemon.
[    7.400453] cloud-init[963]: |+ @ . . S        |
[    7.402240] cloud-init[963]: |=+o= .   .       |
[    7.403098] cloud-init[963]: |OBo.o            |
[    7.403975] cloud-init[963]: |@ooo             |
[    7.412714] cloud-init[963]: |+o.              |
[    7.413715] cloud-init[963]: +----[SHA256]-----+
[    7.414506] cloud-init[963]: Generating public/private dsa key pair.
         Starting System Logging Service...
[[0;32m  OK  [0m] Started FUSE filesystem for LXC.
[    7.427174] cloud-init[963]: Your identification has been saved in /etc/ssh/ssh_host_dsa_key.
[    7.435526]          Starting Login Service...
cloud-init[963]: Your public key has been saved in /etc/ssh/ssh_host_dsa_key.pub.         Starting Pollinate to seed the pseudo random number generator...
[[0;32m  OK  [0m] Started Regular background program processing daemon.
         Starting LSB: MD monitoring daemon...
         Starting LSB: Record successful boot for GRUB...
         Starting Accounts Service...
[[0;32m  OK  [0m] Started D-Bus System Message Bus.

[    7.444236] cloud-init[963]: The key fingerprint is:
[    7.450775] cloud-init[963]: SHA256:slndc7QAzxnP/g4Q2BWz36WNwSDFqy8AqqLnldRVKao root@ubuntu-xenial
[    7.464236] [[0;32m  OK  [0m] Started Deferred execution scheduler.
cloud-init[963]: The key's randomart image is:
[    7.466082]          Starting Virtualbox guest utils...
         Starting LXD - container startup/shutdown...
         Starting /etc/rc.local Compatibility...
cloud-init         Starting Snap Daemon...
[[0;32m  OK  [0m] Started System Logging Service.
[[0;32m  OK  [0m] Started /etc/rc.local Compatibility.
[963]: +---[DSA 1024]----+[[0;32m  OK  [0m] Started Login Service.
[[0;32m  OK  [0m] Started Unattended Upgrades Shutdown.

[    7.498693] cloud-init[963]: |          +++ +. |
[    7.505491] cloud-init[963]: |        ...B.O o |
[    7.506898] cloud-init[963]: [[0;32m  OK  [0m] Started LSB: Record successful boot for GRUB.
[[0;32m  OK  [0m] Started Login to default iSCSI targets.
[[0;32m  OK  [0m] Reached target Remote File Systems (Pre).
[[0;32m  OK  [0m] Reached target Remote File Systems.
         Starting Permit User Sessions...
         Starting LSB: Set the CPU Frequency Scaling governor to "ondemand"...
|       .... B.B .|
         Starting LSB: daemon to balance interrupts for SMP systems...
[    7.536775] cloud-init[963]: |     .o. . ..= Bo|
[    7.548751] cloud-init[963]: |    .oo.S ..+ * +|
[    7.550193] cloud-init[963]: |   .E. =. .  + . |
[    7.551525] cloud-init         Starting LSB: automatic crash report generation...
         Starting Authenticate and Authorize Users to Run Privileged Tasks...
[[0;32m  OK  [0m] Started LSB: MD monitoring daemon.
[[0;32m  OK  [0m] Started LXD - container startup/shutdown.
[[0;32m  OK  [0m] Started Permit User Sessions.
[963]: |   .o o  . .  . .|
[    7.556961] cloud-init[963]: |. o.      . .  o |
[    7.568067]          cloud-initStarting Hold until boot process finishes up...[963]: 
|o+.        .    .|
[    7.569802]          Starting Terminate Plymouth Boot Screen...
cloud-init[963]: +----[SHA256]-----+
[    7.571979] cloud-init[963]: Generating public/private ecdsa key pair.
[[0;32m  OK  [0m] Started Hold until boot process finishes up.
[    7.579079] cloud-init[963]: Your identification has been saved in /etc/ssh/ssh_host_ecdsa_key.
[[0;32m  OK  [0m] Started Serial Getty on ttyS0.
[    7.582881] [cloud-init[0;32m  OK  [0m[963]: ] Your public key has been saved in /etc/ssh/ssh_host_ecdsa_key.pub.Started Getty on tty1.

[    7.590277] [cloud-init[0;32m  OK  [0m[963]: ] The key fingerprint is:Reached target Login Prompts.

[    7.590597]          Starting Set console scheme...
[[0;32m  OK  [0m] Started LSB: Set the CPU Frequency Scaling governor to "ondemand".
[[0;32m  OK  [0m] Started Terminate Plymouth Boot Screen.
[[0;32m  OK  [0m] Started Authenticate and Authorize Users to Run Privileged Tasks.
[[0;32m  OK  [0m] Started LSB: daemon to balance interrupts for SMP systems.
[[0;32m  OK  [0m] Started Set console scheme.
cloud-init[963]: SHA256:iuxYMFyrRJQQCANm1kTA1vDvKPdbMkz8KGcUjO4iRSM root@ubuntu-xenial
[[0;32m  OK  [0m] Started LSB: automatic crash report generation.
[    7.609583] [[0;32m  OK  [0m] Started Accounts Service.
cloud-init[963]: The key's randomart image is:
[    7.614851] cloud-init[963]: +---[ECDSA 256]---+
[    7.620336] cloud-init[963]: |@OO+             |
[    7.621576] cloud-init[963]: |==ooo            |
[    7.622964] cloud-init[963]: |E +o.o           |
[    7.624576] cloud-init[963]: | =.oo..          |
[    7.625921] cloud-init[963]: |  *..=  S        |
[    7.629974] cloud-init[963]: | o.=*.o.         |
[    7.633193] cloud-init[963]: |.o.=+O.o         |
[    7.635678] cloud-init[963]: |. ++= +          |
[    7.639532] cloud-init[963]: |  . .o.          |
[[0;32m  OK  [0m] Started Virtualbox guest utils.
[    7.648122] cloud-init[963]: +----[SHA256]-----+
[    7.652224] cloud-init[963]: Generating public/private ed25519 key pair.
[    7.654367] cloud-init[963]: Your identification has been saved in /etc/ssh/ssh_host_ed25519_key.
[    7.657492] cloud-init[963]: Your public key has been saved in /etc/ssh/ssh_host_ed25519_key.pub.
[    7.661172] cloud-init[963]: The key fingerprint is:
[    7.664773] cloud-init[963]: SHA256:o5JitdRgwcZ/Y523Zq2YeUtdJh5TJ2gngWlfpn5o9TE root@ubuntu-xenial
[    7.667044] cloud-init[963]: The key's randomart image is:
[    7.670184] cloud-init[963]: +--[ED25519 256]--+
[    7.671851] cloud-init[963]: |   o.      o.    |
[    7.673403] cloud-init[963]: |    +.    +  oo  |
[    7.675192] cloud-init[963]: |   .o.   o o++o o|
[    7.676327] cloud-init[963]: |   . o. + o.+o.E.|
[    7.678151] cloud-init[963]: |    o .oS. o =+.=|
[    7.679463] cloud-init[963]: |   o o . .  Boo*.|
[    7.685066] cloud-init[963]: |  o + .    B.oo  |
[    7.686003] cloud-init[963]: | . . .    +.o    |
[    7.686919] cloud-init[963]: |           ...   |
[    7.687824] cloud-init[963]: +----[SHA256]-----+
[[0;32m  OK  [0m] Started Snap Daemon.
         Starting Wait until snapd is fully seeded...
[[0;32m  OK  [0m] Started Pollinate to seed the pseudo random number generator.
         Starting OpenBSD Secure Shell server...
[[0;32m  OK  [0m] Started OpenBSD Secure Shell server.
[[0;32m  OK  [0m] Started Wait until snapd is fully seeded.
         Starting Apply the settings specified in cloud-config...
[[0;32m  OK  [0m] Reached target Multi-User System.
[[0;32m  OK  [0m] Reached target Graphical Interface.
         Starting Update UTMP about System Runlevel Changes...
[[0;32m  OK  [0m] Started Update UTMP about System Runlevel Changes.
[   10.087675] cloud-init[1314]: Generating locales (this might take a while)...
[   10.619513] cloud-init[1314]:   en_US.UTF-8... done
[   10.632681] cloud-init[1314]: Generation complete.
[   10.792770] cloud-init[1314]: Cloud-init v. 21.1-19-gbad84ad4-0ubuntu1~16.04.2 running 'modules:config' at Thu, 02 Jun 2022 18:42:42 +0000. Up 10.02 seconds.
[[0;32m  OK  [0m] Started Apply the settings specified in cloud-config.
         Starting Execute cloud user/final scripts...
ci-info: no authorized SSH keys fingerprints found for user ubuntu.
<14>Jun  2 18:42:43 ec2: 
<14>Jun  2 18:42:43 ec2: #############################################################
<14>Jun  2 18:42:43 ec2: -----BEGIN SSH HOST KEY FINGERPRINTS-----
<14>Jun  2 18:42:43 ec2: 1024 SHA256:slndc7QAzxnP/g4Q2BWz36WNwSDFqy8AqqLnldRVKao root@ubuntu-xenial (DSA)
<14>Jun  2 18:42:43 ec2: 256 SHA256:iuxYMFyrRJQQCANm1kTA1vDvKPdbMkz8KGcUjO4iRSM root@ubuntu-xenial (ECDSA)
<14>Jun  2 18:42:43 ec2: 256 SHA256:o5JitdRgwcZ/Y523Zq2YeUtdJh5TJ2gngWlfpn5o9TE root@ubuntu-xenial (ED25519)
<14>Jun  2 18:42:43 ec2: 2048 SHA256:OShuwMRuNMtQq68YLJgmUL4rgniJZUJPRd0POknTSbM root@ubuntu-xenial (RSA)
<14>Jun  2 18:42:43 ec2: -----END SSH HOST KEY FINGERPRINTS-----
<14>Jun  2 18:42:43 ec2: #############################################################
-----BEGIN SSH HOST KEY KEYS-----
ecdsa-sha2-nistp256 AAAAE2VjZHNhLXNoYTItbmlzdHAyNTYAAAAIbmlzdHAyNTYAAABBBL/zIgLyhhNUrNHsJmM5S0KEzl/vxZtZCpNbHEDYthcIbPaLHVsUV9CGY2KA5Cd4WkINBZSKdUWQoLULAwvhRSI= root@ubuntu-xenial
ssh-ed25519 AAAAC3NzaC1lZDI1NTE5AAAAIKd+23GvVPmFBfk+MSVeEpOgFqCFYcAk70hmiXsHkVHf root@ubuntu-xenial
ssh-rsa AAAAB3NzaC1yc2EAAAADAQABAAABAQDgo5YBpiYwpgr4yGMBsPbOjSblTh0E/Yax/KD5cadHHYCqVsixUwYsUaJK+ZtPdn025M5icL1q22uS2AdlbMKoet/czjJBC9xPFwkcVVAVoFS38mCaI2ohO19qkgmcf8DPtGaI/k/yYj99pkIO+wUIb1lanETdIvR8oyN93TWXQhe2dktWqjC1Nby7sighg2LUIXPyH15Kk0JAdzosR8Au/jSe0QYZoyZGWlgHJK9cuCntNJAz45r0j9pTxz7YY7Eb7hYJuA+PLm0jEgRwVWjlyKpS0bze+cGioHX4N1yc8QzsTgRGWGVTrufue6YuDQ9P75t2AuZ/ChIhjidDvlzl root@ubuntu-xenial
-----END SSH HOST KEY KEYS-----
[   11.119181] cloud-init[1357]: Cloud-init v. 21.1-19-gbad84ad4-0ubuntu1~16.04.2 running 'modules:final' at Thu, 02 Jun 2022 18:42:43 +0000. Up 11.01 seconds.
[   11.121056] cloud-init[1357]: ci-info: no authorized SSH keys fingerprints found for user ubuntu.
[   11.129379] cloud-init[1357]: Cloud-init v. 21.1-19-gbad84ad4-0ubuntu1~16.04.2 finished at Thu, 02 Jun 2022 18:42:43 +0000. Datasource DataSourceNoCloud [seed=/dev/sdb][dsmode=net].  Up 11.11 seconds
[[0;32m  OK  [0m] Started Execute cloud user/final scripts.
[[0;32m  OK  [0m] Reached target Cloud-init target.

Ubuntu 16.04.7 LTS ubuntu-xenial ttyS0

ubuntu-xenial login: 